0 info it worked if it ends with ok
1 verbose cli [ 'C:\\Program Files\\nodejs\\node.exe',
1 verbose cli   'C:\\Users\\batra\\AppData\\Roaming\\npm\\node_modules\\npm\\bin\\npm-cli.js',
1 verbose cli   'start' ]
2 info using npm@3.10.10
3 info using node@v8.11.2
4 verbose run-script [ 'prestart', 'start', 'poststart' ]
5 info lifecycle shopping-cart@0.0.0~prestart: shopping-cart@0.0.0
6 silly lifecycle shopping-cart@0.0.0~prestart: no script for prestart, continuing
7 info lifecycle shopping-cart@0.0.0~start: shopping-cart@0.0.0
8 verbose lifecycle shopping-cart@0.0.0~start: unsafe-perm in lifecycle true
9 verbose lifecycle shopping-cart@0.0.0~start: PATH: C:\Users\batra\AppData\Roaming\npm\node_modules\npm\bin\node-gyp-bin;C:\Users\batra\Desktop\shopping-cart\node_modules\.bin;C:\Program Files\Nodejs;C:\Program Files (x86)\Intel\iCLS Client\;C:\ProgramData\Oracle\Java\javapath;C:\Program Files\Intel\iCLS Client\;C:\WINDOWS\system32;C:\WINDOWS;C:\WINDOWS\System32\Wbem;C:\WINDOWS\System32\WindowsPowerShell\v1.0\;C:\Program Files\Java\jdk1.8.0_144\bin;C:\Program Files\PuTTY\;C:\Program Files (x86)\GtkSharp\2.12\bin;C:\Program Files (x86)\Intel\Intel(R) Management Engine Components\DAL;C:\Program Files\Intel\Intel(R) Management Engine Components\DAL;C:\Program Files (x86)\Intel\Intel(R) Management Engine Components\IPT;C:\Program Files\Intel\Intel(R) Management Engine Components\IPT;;C:\WINDOWS\System32\OpenSSH\;C:\Users\batra\AppData\Local\Microsoft\WindowsApps;"C:\ProgramData\Oracle\Java\javapath;C:\Program Files\Java\jdk1.8.0_144\bin;C:\Program Files\Java\jre1.8.0_144\bin";C:\Users\batra\AppData\Roaming\npm;"C:\Program Files\nodejs;";;C:\Program Files\Microsoft VS Code\bin
10 verbose lifecycle shopping-cart@0.0.0~start: CWD: C:\Users\batra\Desktop\shopping-cart
11 silly lifecycle shopping-cart@0.0.0~start: Args: [ '/d /s /c', 'node ./bin/www' ]
12 silly lifecycle shopping-cart@0.0.0~start: Returned: code: 3221225786  signal: null
13 info lifecycle shopping-cart@0.0.0~start: Failed to exec start script
14 verbose stack Error: shopping-cart@0.0.0 start: `node ./bin/www`
14 verbose stack Exit status 3221225786
14 verbose stack     at EventEmitter.<anonymous> (C:\Users\batra\AppData\Roaming\npm\node_modules\npm\lib\utils\lifecycle.js:255:16)
14 verbose stack     at emitTwo (events.js:126:13)
14 verbose stack     at EventEmitter.emit (events.js:214:7)
14 verbose stack     at ChildProcess.<anonymous> (C:\Users\batra\AppData\Roaming\npm\node_modules\npm\lib\utils\spawn.js:40:14)
14 verbose stack     at emitTwo (events.js:126:13)
14 verbose stack     at ChildProcess.emit (events.js:214:7)
14 verbose stack     at maybeClose (internal/child_process.js:925:16)
14 verbose stack     at Process.ChildProcess._handle.onexit (internal/child_process.js:209:5)
15 verbose pkgid shopping-cart@0.0.0
16 verbose cwd C:\Users\batra\Desktop\shopping-cart
17 error Windows_NT 10.0.17134
18 error argv "C:\\Program Files\\nodejs\\node.exe" "C:\\Users\\batra\\AppData\\Roaming\\npm\\node_modules\\npm\\bin\\npm-cli.js" "start"
19 error node v8.11.2
20 error npm  v3.10.10
21 error code ELIFECYCLE
22 error shopping-cart@0.0.0 start: `node ./bin/www`
22 error Exit status 3221225786
23 error Failed at the shopping-cart@0.0.0 start script 'node ./bin/www'.
23 error Make sure you have the latest version of node.js and npm installed.
23 error If you do, this is most likely a problem with the shopping-cart package,
23 error not with npm itself.
23 error Tell the author that this fails on your system:
23 error     node ./bin/www
23 error You can get information on how to open an issue for this project with:
23 error     npm bugs shopping-cart
23 error Or if that isn't available, you can get their info via:
23 error     npm owner ls shopping-cart
23 error There is likely additional logging output above.
24 verbose exit [ 1, true ]
